\BOOKMARK [0][-]{dummy.1}{\376\377\000D\000e\000c\000l\000a\000r\000a\000t\000i\000o\000n\000\040\000o\000f\000\040\000A\000u\000t\000h\000o\000r\000s\000h\000i\000p}{}
\BOOKMARK [0][-]{dummy.2}{\376\377\000A\000b\000k\000\374\000r\000z\000u\000n\000g\000e\000n}{}
\BOOKMARK [0][-]{dummy.5}{\376\377\000L\000i\000s\000t\000\040\000o\000f\000\040\000F\000i\000g\000u\000r\000e\000s}{}
\BOOKMARK [0][-]{dummy.7}{\376\377\000I\000n\000h\000a\000l\000t\000s\000v\000e\000r\000z\000e\000i\000c\000h\000n\000i\000s}{}
\BOOKMARK [0][-]{chapter.9}{\376\377\0001\000\040\000E\000i\000n\000l\000e\000i\000t\000u\000n\000g}{}
\BOOKMARK [1][-]{section.10}{\376\377\0001\000.\0001\000\040\000E\000i\000n\000f\000\374\000h\000r\000u\000n\000g\000\040\000i\000n\000\040\000d\000i\000e\000\040\000T\000h\000e\000m\000a\000t\000i\000k}{chapter.9}
\BOOKMARK [2][-]{subsection.11}{\376\377\0001\000.\0001\000.\0001\000\040\000T\000e\000x\000t\000a\000n\000n\000o\000t\000a\000t\000i\000o\000n}{section.10}
\BOOKMARK [2][-]{subsection.12}{\376\377\0001\000.\0001\000.\0002\000\040\000E\000n\000t\000i\000t\000y\000\040\000L\000i\000n\000k\000i\000n\000g}{section.10}
\BOOKMARK [1][-]{section.13}{\376\377\0001\000.\0002\000\040\000V\000e\000r\000w\000a\000n\000d\000t\000e\000\040\000A\000r\000b\000e\000i\000t\000e\000n}{chapter.9}
\BOOKMARK [2][-]{subsection.14}{\376\377\0001\000.\0002\000.\0001\000\040\000D\000B\000p\000e\000d\000i\000a}{section.13}
\BOOKMARK [2][-]{subsection.17}{\376\377\0001\000.\0002\000.\0002\000\040\000D\000B\000p\000e\000d\000i\000a\000\040\000S\000p\000o\000t\000l\000i\000g\000h\000t}{section.13}
\BOOKMARK [0][-]{chapter.21}{\376\377\0002\000\040\000S\000y\000s\000t\000e\000m\000\374\000b\000e\000r\000s\000i\000c\000h\000t}{}
\BOOKMARK [1][-]{section.23}{\376\377\0002\000.\0001\000\040\000G\000r\000a\000p\000h\000i\000c\000a\000l\000\040\000U\000s\000e\000r\000\040\000I\000n\000t\000e\000r\000f\000a\000c\000e}{chapter.21}
\BOOKMARK [1][-]{section.25}{\376\377\0002\000.\0002\000\040\000E\000n\000i\000t\000i\000t\000y\000-\000R\000e\000c\000o\000g\000n\000i\000c\000t\000i\000o\000n\000-\000U\000n\000i\000t}{chapter.21}
\BOOKMARK [1][-]{section.27}{\376\377\0002\000.\0003\000\040\000L\000i\000n\000k\000i\000n\000g\000-\000U\000n\000i\000t\000\040\000u\000n\000d\000\040\000I\000n\000d\000e\000x}{chapter.21}
\BOOKMARK [1][-]{section.29}{\376\377\0002\000.\0004\000\040\000I\000n\000f\000o\000r\000m\000a\000t\000i\000o\000n\000s\000f\000l\000u\000s\000s}{chapter.21}
\BOOKMARK [0][-]{chapter.31}{\376\377\0003\000\040\000I\000m\000p\000l\000e\000m\000e\000n\000t\000i\000e\000r\000u\000n\000g}{}
\BOOKMARK [1][-]{section.33}{\376\377\0003\000.\0001\000\040\000G\000U\000I\000\040\000u\000n\000d\000\040\000C\000o\000n\000t\000r\000o\000l\000l\000e\000r}{chapter.31}
\BOOKMARK [1][-]{section.35}{\376\377\0003\000.\0002\000\040\000E\000n\000i\000t\000i\000t\000y\000-\000R\000e\000c\000o\000g\000n\000i\000t\000i\000o\000n\000-\000U\000n\000i\000t}{chapter.31}
\BOOKMARK [1][-]{section.38}{\376\377\0003\000.\0003\000\040\000L\000i\000n\000k\000i\000n\000g\000-\000U\000n\000i\000t}{chapter.31}
\BOOKMARK [1][-]{section.67}{\376\377\0003\000.\0004\000\040\000I\000n\000d\000e\000x}{chapter.31}
\BOOKMARK [2][-]{subsection.68}{\376\377\0003\000.\0004\000.\0001\000\040\000E\000n\000t\000i\000t\000y\000I\000n\000d\000e\000x}{section.67}
\BOOKMARK [2][-]{subsection.76}{\376\377\0003\000.\0004\000.\0002\000\040\000A\000b\000s\000t\000r\000a\000c\000t\000I\000n\000d\000e\000x}{section.67}
\BOOKMARK [0][-]{chapter.83}{\376\377\0004\000\040\000E\000v\000a\000l\000u\000i\000e\000r\000u\000n\000g}{}
\BOOKMARK [1][-]{section.85}{\376\377\0004\000.\0001\000\040\000G\000e\000s\000c\000h\000w\000i\000n\000d\000i\000g\000k\000e\000i\000t}{chapter.83}
\BOOKMARK [2][-]{subsection.86}{\376\377\0004\000.\0001\000.\0001\000\040\000U\000n\000w\000a\000r\000m\000e\000d\000\040\000M\000o\000d\000e}{section.85}
\BOOKMARK [2][-]{subsection.89}{\376\377\0004\000.\0001\000.\0002\000\040\000W\000a\000r\000m\000e\000d\000\040\000U\000p}{section.85}
\BOOKMARK [1][-]{section.91}{\376\377\0004\000.\0002\000\040\000G\000e\000n\000a\000u\000i\000g\000k\000e\000i\000t}{chapter.83}
\BOOKMARK [2][-]{subsection.92}{\376\377\0004\000.\0002\000.\0001\000\040\000T\000i\000t\000e\000l\000s\000u\000c\000h\000e}{section.91}
\BOOKMARK [2][-]{subsection.94}{\376\377\0004\000.\0002\000.\0002\000\040\000A\000n\000c\000h\000o\000r\000s\000u\000c\000h\000e}{section.91}
\BOOKMARK [2][-]{subsection.95}{\376\377\0004\000.\0002\000.\0003\000\040\000T\000f\000-\000I\000d\000f\000-\000S\000u\000c\000h\000e}{section.91}
\BOOKMARK [1][-]{section.97}{\376\377\0004\000.\0003\000\040\000S\000e\000m\000a\000n\000t\000i\000k\000a\000n\000a\000l\000y\000s\000e\000\040\000m\000i\000t\000\040\000K\000O\000R\000E}{chapter.83}
\BOOKMARK [0][-]{chapter.100}{\376\377\0005\000\040\000D\000e\000p\000l\000o\000y\000m\000e\000n\000t\000\040\000u\000n\000d\000\040\000E\000r\000w\000e\000i\000t\000e\000r\000u\000n\000g\000\040\000a\000u\000f\000\040\000a\000n\000d\000e\000r\000e\000\040\000S\000p\000r\000a\000c\000h\000e\000n}{}
\BOOKMARK [1][-]{section.101}{\376\377\0005\000.\0001\000\040\000D\000e\000p\000l\000o\000y\000m\000e\000n\000t}{chapter.100}
\BOOKMARK [2][-]{subsection.102}{\376\377\0005\000.\0001\000.\0001\000\040\000G\000e\000n\000e\000r\000i\000e\000r\000u\000n\000g\000\040\000d\000e\000r\000\040\000I\000n\000d\000e\000x\000e\000\040\000m\000i\000t\000\040\000U\000t\000i\000l\000i\000t\000y\000-\0001\000.\0000}{section.101}
\BOOKMARK [2][-]{subsection.112}{\376\377\0005\000.\0001\000.\0002\000\040\000E\000i\000g\000e\000n\000s\000t\000\344\000n\000d\000i\000g\000e\000\040\000G\000e\000n\000e\000r\000i\000e\000r\000u\000n\000g\000\040\000v\000o\000n\000\040\000D\000a\000t\000e\000i\000e\000n}{section.101}
\BOOKMARK [1][-]{section.127}{\376\377\0005\000.\0002\000\040\000E\000r\000w\000e\000i\000t\000e\000r\000u\000n\000g\000\040\000u\000m\000\040\000a\000n\000d\000e\000r\000e\000\040\000S\000p\000r\000a\000c\000h\000e\000n}{chapter.100}
\BOOKMARK [2][-]{subsection.128}{\376\377\0005\000.\0002\000.\0001\000\040\000I\000n\000d\000e\000x\000e}{section.127}
\BOOKMARK [2][-]{subsection.129}{\376\377\0005\000.\0002\000.\0002\000\040\000E\000n\000t\000i\000t\000y\000\040\000R\000e\000c\000o\000g\000n\000i\000t\000i\000o\000n}{section.127}
\BOOKMARK [0][-]{chapter.133}{\376\377\0006\000\040\000Z\000u\000s\000a\000m\000m\000e\000n\000f\000a\000s\000s\000u\000n\000g}{}
\BOOKMARK [0][-]{chapter.134}{\376\377\0007\000\040\000A\000u\000s\000b\000l\000i\000c\000k}{}
\BOOKMARK [0][-]{appendix.135}{\376\377\000A\000\040\000E\000v\000a\000l\000u\000i\000e\000r\000u\000n\000g\000s\000t\000a\000b\000e\000l\000l\000e\000n}{}
\BOOKMARK [0][-]{appendix.136}{\376\377\000B\000\040\000Q\000u\000e\000l\000l\000e\000n}{}
\BOOKMARK [0][-]{dummy.139}{\376\377\000L\000i\000t\000e\000r\000a\000t\000u\000r\000v\000e\000r\000z\000e\000i\000c\000h\000n\000i\000s}{}
